C:\WORK\ACL\CODE\TRUNK\LIB_ACL\DEBUG\ACL_VSTREAM_NET.OBJ
C:\WORK\ACL\CODE\TRUNK\LIB_ACL\DEBUG\ACL_AIO_LISTEN.OBJ
C:\WORK\ACL\CODE\TRUNK\LIB_ACL\LIB_ACL_VC2012D.PCH
C:\WORK\ACL\CODE\TRUNK\LIB_ACL\DEBUG\ACL_STDAFX.OBJ
C:\WORK\ACL\CODE\TRUNK\LIB_ACL\LIB_ACL_VC2012D.PDB
C:\WORK\ACL\CODE\TRUNK\LIB_ACL\DEBUG\ACL_MDT_BINHASH.OBJ
C:\WORK\ACL\CODE\TRUNK\LIB_ACL\DEBUG\ACL_MDT_AVL.OBJ
C:\WORK\ACL\CODE\TRUNK\LIB_ACL\DEBUG\ACL_MDT.OBJ
C:\WORK\ACL\CODE\TRUNK\LIB_ACL\DEBUG\ACL_MDB.OBJ
C:\WORK\ACL\CODE\TRUNK\LIB_ACL\DEBUG\ACL_DBSQL.OBJ
C:\WORK\ACL\CODE\TRUNK\LIB_ACL\DEBUG\ACL_DBPOOL.OBJ
C:\WORK\ACL\CODE\TRUNK\LIB_ACL\DEBUG\UNI2UTF8.OBJ
C:\WORK\ACL\CODE\TRUNK\LIB_ACL\DEBUG\ACL_XMLCODE.OBJ
C:\WORK\ACL\CODE\TRUNK\LIB_ACL\DEBUG\ACL_VSTRING_BASE64.OBJ
C:\WORK\ACL\CODE\TRUNK\LIB_ACL\DEBUG\ACL_URLCODE.OBJ
C:\WORK\ACL\CODE\TRUNK\LIB_ACL\DEBUG\ACL_HTMLCODE.OBJ
C:\WORK\ACL\CODE\TRUNK\LIB_ACL\DEBUG\ACL_GBCODE.OBJ
C:\WORK\ACL\CODE\TRUNK\LIB_ACL\DEBUG\ACL_BASE64.OBJ
C:\WORK\ACL\CODE\TRUNK\LIB_ACL\DEBUG\AIO_CALLBACK.OBJ
C:\WORK\ACL\CODE\TRUNK\LIB_ACL\DEBUG\ACL_AIO_WRITE.OBJ
C:\WORK\ACL\CODE\TRUNK\LIB_ACL\DEBUG\ACL_AIO_STREAM.OBJ
C:\WORK\ACL\CODE\TRUNK\LIB_ACL\DEBUG\ACL_AIO_READ.OBJ
C:\WORK\ACL\CODE\TRUNK\LIB_ACL\DEBUG\ACL_AIO_CONNECT.OBJ
C:\WORK\ACL\CODE\TRUNK\LIB_ACL\DEBUG\ACL_AIO.OBJ
C:\WORK\ACL\CODE\TRUNK\LIB_ACL\DEBUG\EVENTS_KERNEL.OBJ
C:\WORK\ACL\CODE\TRUNK\LIB_ACL\DEBUG\EVENTS_IOCP.OBJ
C:\WORK\ACL\CODE\TRUNK\LIB_ACL\DEBUG\EVENTS_FDTABLE.OBJ
C:\WORK\ACL\CODE\TRUNK\LIB_ACL\DEBUG\EVENTS_DOG.OBJ
C:\WORK\ACL\CODE\TRUNK\LIB_ACL\DEBUG\EVENTS_ALLOC.OBJ
C:\WORK\ACL\CODE\TRUNK\LIB_ACL\DEBUG\EVENTS.OBJ
C:\WORK\ACL\CODE\TRUNK\LIB_ACL\DEBUG\ACL_TIMER.OBJ
C:\WORK\ACL\CODE\TRUNK\LIB_ACL\DEBUG\ACL_EVENTS.OBJ
C:\WORK\ACL\CODE\TRUNK\LIB_ACL\DEBUG\ZDB_KEY_WALK.OBJ
C:\WORK\ACL\CODE\TRUNK\LIB_ACL\DEBUG\ZDB_KEY.OBJ
C:\WORK\ACL\CODE\TRUNK\LIB_ACL\DEBUG\ZDB_IO.OBJ
C:\WORK\ACL\CODE\TRUNK\LIB_ACL\DEBUG\ZDB_DAT_WALK.OBJ
C:\WORK\ACL\CODE\TRUNK\LIB_ACL\DEBUG\ZDB_DAT_ITER.OBJ
C:\WORK\ACL\CODE\TRUNK\LIB_ACL\DEBUG\ZDB_DAT.OBJ
C:\WORK\ACL\CODE\TRUNK\LIB_ACL\DEBUG\ZDB.OBJ
C:\WORK\ACL\CODE\TRUNK\LIB_ACL\DEBUG\ACL_DBPOOL_NULL.OBJ
C:\WORK\ACL\CODE\TRUNK\LIB_ACL\DEBUG\ACL_DBNULL.OBJ
C:\WORK\ACL\CODE\TRUNK\LIB_ACL\DEBUG\ACL_DBPOOL_MYSQL.OBJ
C:\WORK\ACL\CODE\TRUNK\LIB_ACL\DEBUG\ACL_DBMYSQL.OBJ
C:\WORK\ACL\CODE\TRUNK\LIB_ACL\DEBUG\ACL_MDT_HASH.OBJ
C:\WORK\ACL\CODE\TRUNK\LIB_ACL\DEBUG\MASTER_AVAIL.OBJ
C:\WORK\ACL\CODE\TRUNK\LIB_ACL\DEBUG\MASTER.OBJ
C:\WORK\ACL\CODE\TRUNK\LIB_ACL\DEBUG\ACL_JSON_UTIL.OBJ
C:\WORK\ACL\CODE\TRUNK\LIB_ACL\DEBUG\ACL_JSON_PARSE.OBJ
C:\WORK\ACL\CODE\TRUNK\LIB_ACL\DEBUG\ACL_JSON.OBJ
C:\WORK\ACL\CODE\TRUNK\LIB_ACL\DEBUG\IOCTL_THR.OBJ
C:\WORK\ACL\CODE\TRUNK\LIB_ACL\DEBUG\IOCTL_PROC.OBJ
C:\WORK\ACL\CODE\TRUNK\LIB_ACL\DEBUG\ACL_IOCTL.OBJ
C:\WORK\ACL\CODE\TRUNK\LIB_ACL\DEBUG\ACL_INIT.OBJ
C:\WORK\ACL\CODE\TRUNK\LIB_ACL\DEBUG\FDMAP.OBJ
C:\WORK\ACL\CODE\TRUNK\LIB_ACL\DEBUG\EVENTS_WMSG.OBJ
C:\WORK\ACL\CODE\TRUNK\LIB_ACL\DEBUG\EVENTS_TIMER_THR.OBJ
C:\WORK\ACL\CODE\TRUNK\LIB_ACL\DEBUG\EVENTS_TIMER.OBJ
C:\WORK\ACL\CODE\TRUNK\LIB_ACL\DEBUG\EVENTS_SELECT_THR.OBJ
C:\WORK\ACL\CODE\TRUNK\LIB_ACL\DEBUG\EVENTS_SELECT.OBJ
C:\WORK\ACL\CODE\TRUNK\LIB_ACL\DEBUG\EVENTS_POLL_THR.OBJ
C:\WORK\ACL\CODE\TRUNK\LIB_ACL\DEBUG\EVENTS_POLL.OBJ
C:\WORK\ACL\CODE\TRUNK\LIB_ACL\DEBUG\EVENTS_KERNEL_THR.OBJ
C:\WORK\ACL\CODE\TRUNK\LIB_ACL\DEBUG\EVENTS_KERNEL3.OBJ
C:\WORK\ACL\CODE\TRUNK\LIB_ACL\DEBUG\EVENTS_KERNEL2.OBJ
C:\WORK\ACL\CODE\TRUNK\LIB_ACL\DEBUG\ACL_IOCTL_APP_MAIN.OBJ
C:\WORK\ACL\CODE\TRUNK\LIB_ACL\DEBUG\ACL_AIO_SERVER.OBJ
C:\WORK\ACL\CODE\TRUNK\LIB_ACL\DEBUG\ACL_AIO_APP_MAIN.OBJ
C:\WORK\ACL\CODE\TRUNK\LIB_ACL\DEBUG\MASTER_VARS.OBJ
C:\WORK\ACL\CODE\TRUNK\LIB_ACL\DEBUG\MASTER_PROTO.OBJ
C:\WORK\ACL\CODE\TRUNK\LIB_ACL\DEBUG\MASTER_PARAMS.OBJ
C:\WORK\ACL\CODE\TRUNK\LIB_ACL\DEBUG\MASTER_FLOW.OBJ
C:\WORK\ACL\CODE\TRUNK\LIB_ACL\DEBUG\UNIX_TRIGGER.OBJ
C:\WORK\ACL\CODE\TRUNK\LIB_ACL\DEBUG\STREAM_TRIGGER.OBJ
C:\WORK\ACL\CODE\TRUNK\LIB_ACL\DEBUG\INET_TRIGGER.OBJ
C:\WORK\ACL\CODE\TRUNK\LIB_ACL\DEBUG\FIFO_TRIGGER.OBJ
C:\WORK\ACL\CODE\TRUNK\LIB_ACL\DEBUG\MASTER_WAKEUP.OBJ
C:\WORK\ACL\CODE\TRUNK\LIB_ACL\DEBUG\MASTER_STATUS.OBJ
C:\WORK\ACL\CODE\TRUNK\LIB_ACL\DEBUG\MASTER_SPAWN.OBJ
C:\WORK\ACL\CODE\TRUNK\LIB_ACL\DEBUG\MASTER_SIG.OBJ
C:\WORK\ACL\CODE\TRUNK\LIB_ACL\DEBUG\MASTER_SERVICE.OBJ
C:\WORK\ACL\CODE\TRUNK\LIB_ACL\DEBUG\MASTER_PATHNAME.OBJ
C:\WORK\ACL\CODE\TRUNK\LIB_ACL\DEBUG\MASTER_LISTEN.OBJ
C:\WORK\ACL\CODE\TRUNK\LIB_ACL\DEBUG\MASTER_ENT.OBJ
C:\WORK\ACL\CODE\TRUNK\LIB_ACL\DEBUG\MASTER_CONF.OBJ
C:\WORK\ACL\CODE\TRUNK\LIB_ACL\DEBUG\ACL_TIMED_CONNECT.OBJ
C:\WORK\ACL\CODE\TRUNK\LIB_ACL\DEBUG\ACL_STREAM_CONNECT.OBJ
C:\WORK\ACL\CODE\TRUNK\LIB_ACL\DEBUG\ACL_SANE_CONNECT.OBJ
C:\WORK\ACL\CODE\TRUNK\LIB_ACL\DEBUG\ACL_INET_CONNECT.OBJ
C:\WORK\ACL\CODE\TRUNK\LIB_ACL\DEBUG\ACL_VALID_HOSTNAME.OBJ
C:\WORK\ACL\CODE\TRUNK\LIB_ACL\DEBUG\ACL_TCP_CTL.OBJ
C:\WORK\ACL\CODE\TRUNK\LIB_ACL\DEBUG\ACL_SANE_SOCKET.OBJ
C:\WORK\ACL\CODE\TRUNK\LIB_ACL\DEBUG\ACL_SANE_INET.OBJ
C:\WORK\ACL\CODE\TRUNK\LIB_ACL\DEBUG\ACL_MASK_ADDR.OBJ
C:\WORK\ACL\CODE\TRUNK\LIB_ACL\DEBUG\ACL_IFCONF.OBJ
C:\WORK\ACL\CODE\TRUNK\LIB_ACL\DEBUG\ACL_HOST_PORT.OBJ
C:\WORK\ACL\CODE\TRUNK\LIB_ACL\DEBUG\ACL_ACCESS.OBJ
C:\WORK\ACL\CODE\TRUNK\LIB_ACL\DEBUG\ACL_MSGIO.OBJ
C:\WORK\ACL\CODE\TRUNK\LIB_ACL\DEBUG\ACL_AQUEUE.OBJ
C:\WORK\ACL\CODE\TRUNK\LIB_ACL\DEBUG\ACL_TRIGGER_SERVER.OBJ
C:\WORK\ACL\CODE\TRUNK\LIB_ACL\DEBUG\ACL_SINGLE_SERVER.OBJ
C:\WORK\ACL\CODE\TRUNK\LIB_ACL\DEBUG\ACL_MULTI_SERVER.OBJ
C:\WORK\ACL\CODE\TRUNK\LIB_ACL\DEBUG\ACL_MASTER_LOG.OBJ
C:\WORK\ACL\CODE\TRUNK\LIB_ACL\DEBUG\ACL_IOCTL_SERVER.OBJ
C:\WORK\ACL\CODE\TRUNK\LIB_ACL\DEBUG\PROCTL_SERVICE.OBJ
C:\WORK\ACL\CODE\TRUNK\LIB_ACL\DEBUG\PROCTL_MONITOR.OBJ
C:\WORK\ACL\CODE\TRUNK\LIB_ACL\DEBUG\PROCTL_CHILD.OBJ
C:\WORK\ACL\CODE\TRUNK\LIB_ACL\DEBUG\ACL_PROCTL.OBJ
C:\WORK\ACL\CODE\TRUNK\LIB_ACL\DEBUG\THREAD_MUTEX.OBJ
C:\WORK\ACL\CODE\TRUNK\LIB_ACL\DEBUG\SEM.OBJ
C:\WORK\ACL\CODE\TRUNK\LIB_ACL\DEBUG\PRIVATE_VSTREAM.OBJ
C:\WORK\ACL\CODE\TRUNK\LIB_ACL\DEBUG\PRIVATE_FIFO.OBJ
C:\WORK\ACL\CODE\TRUNK\LIB_ACL\DEBUG\PRIVATE_ARRAY.OBJ
C:\WORK\ACL\CODE\TRUNK\LIB_ACL\DEBUG\ACL_UNIX_LISTEN.OBJ
C:\WORK\ACL\CODE\TRUNK\LIB_ACL\DEBUG\ACL_SANE_ACCEPT.OBJ
C:\WORK\ACL\CODE\TRUNK\LIB_ACL\DEBUG\ACL_INET_LISTEN.OBJ
C:\WORK\ACL\CODE\TRUNK\LIB_ACL\DEBUG\ACL_FIFO_LISTEN.OBJ
C:\WORK\ACL\CODE\TRUNK\LIB_ACL\DEBUG\RFC1035.OBJ
C:\WORK\ACL\CODE\TRUNK\LIB_ACL\DEBUG\RES_UTIL.OBJ
C:\WORK\ACL\CODE\TRUNK\LIB_ACL\DEBUG\ACL_RES.OBJ
C:\WORK\ACL\CODE\TRUNK\LIB_ACL\DEBUG\ACL_NETDB_CACHE.OBJ
C:\WORK\ACL\CODE\TRUNK\LIB_ACL\DEBUG\ACL_NETDB.OBJ
C:\WORK\ACL\CODE\TRUNK\LIB_ACL\DEBUG\ACL_DNS.OBJ
C:\WORK\ACL\CODE\TRUNK\LIB_ACL\DEBUG\ACL_UNIX_CONNECT.OBJ
C:\WORK\ACL\CODE\TRUNK\LIB_ACL\DEBUG\ACL_ARRAY.OBJ
C:\WORK\ACL\CODE\TRUNK\LIB_ACL\DEBUG\ACL_ARGV_SPLIT.OBJ
C:\WORK\ACL\CODE\TRUNK\LIB_ACL\DEBUG\ACL_ARGV.OBJ
C:\WORK\ACL\CODE\TRUNK\LIB_ACL\DEBUG\ACL_VSTRING_VSTREAM.OBJ
C:\WORK\ACL\CODE\TRUNK\LIB_ACL\DEBUG\ACL_VSTRING.OBJ
C:\WORK\ACL\CODE\TRUNK\LIB_ACL\DEBUG\ACL_VSTREAM_POPEN.OBJ
C:\WORK\ACL\CODE\TRUNK\LIB_ACL\DEBUG\ACL_VSTREAM.OBJ
C:\WORK\ACL\CODE\TRUNK\LIB_ACL\DEBUG\ACL_VSPRINTF.OBJ
C:\WORK\ACL\CODE\TRUNK\LIB_ACL\DEBUG\ACL_VBUF_PRINT.OBJ
C:\WORK\ACL\CODE\TRUNK\LIB_ACL\DEBUG\ACL_VBUF.OBJ
C:\WORK\ACL\CODE\TRUNK\LIB_ACL\DEBUG\ACL_READLINE.OBJ
C:\WORK\ACL\CODE\TRUNK\LIB_ACL\DEBUG\ACL_MYLOG.OBJ
C:\WORK\ACL\CODE\TRUNK\LIB_ACL\DEBUG\ACL_MYFLOCK.OBJ
C:\WORK\ACL\CODE\TRUNK\LIB_ACL\DEBUG\ACL_MSG.OBJ
C:\WORK\ACL\CODE\TRUNK\LIB_ACL\DEBUG\ACL_METER_TIME.OBJ
C:\WORK\ACL\CODE\TRUNK\LIB_ACL\DEBUG\ACL_GETOPT.OBJ
C:\WORK\ACL\CODE\TRUNK\LIB_ACL\DEBUG\ACL_FILE.OBJ
C:\WORK\ACL\CODE\TRUNK\LIB_ACL\DEBUG\ACL_DEBUG.OBJ
C:\WORK\ACL\CODE\TRUNK\LIB_ACL\DEBUG\ACL_CHUNK_CHAIN.OBJ
C:\WORK\ACL\CODE\TRUNK\LIB_ACL\DEBUG\PROCTL_UTILS.OBJ
C:\WORK\ACL\CODE\TRUNK\LIB_ACL\DEBUG\ACL_FHANDLE.OBJ
C:\WORK\ACL\CODE\TRUNK\LIB_ACL\DEBUG\ACL_DIR.OBJ
C:\WORK\ACL\CODE\TRUNK\LIB_ACL\DEBUG\DEBUG_HTABLE.OBJ
C:\WORK\ACL\CODE\TRUNK\LIB_ACL\DEBUG\ACL_DEBUG_MALLOC.OBJ
C:\WORK\ACL\CODE\TRUNK\LIB_ACL\DEBUG\ACL_XINETD_PARAMS.OBJ
C:\WORK\ACL\CODE\TRUNK\LIB_ACL\DEBUG\ACL_XINETD_CFG.OBJ
C:\WORK\ACL\CODE\TRUNK\LIB_ACL\DEBUG\ACL_LOADCFG.OBJ
C:\WORK\ACL\CODE\TRUNK\LIB_ACL\DEBUG\AVL.OBJ
C:\WORK\ACL\CODE\TRUNK\LIB_ACL\DEBUG\ACL_TOKEN_TREE.OBJ
C:\WORK\ACL\CODE\TRUNK\LIB_ACL\DEBUG\ACL_STACK.OBJ
C:\WORK\ACL\CODE\TRUNK\LIB_ACL\DEBUG\ACL_RING.OBJ
C:\WORK\ACL\CODE\TRUNK\LIB_ACL\DEBUG\ACL_IPLINK.OBJ
C:\WORK\ACL\CODE\TRUNK\LIB_ACL\DEBUG\ACL_HTABLE.OBJ
C:\WORK\ACL\CODE\TRUNK\LIB_ACL\DEBUG\ACL_HASH.OBJ
C:\WORK\ACL\CODE\TRUNK\LIB_ACL\DEBUG\ACL_FIFO.OBJ
C:\WORK\ACL\CODE\TRUNK\LIB_ACL\DEBUG\ACL_DLINK.OBJ
C:\WORK\ACL\CODE\TRUNK\LIB_ACL\DEBUG\ACL_CACHE2.OBJ
C:\WORK\ACL\CODE\TRUNK\LIB_ACL\DEBUG\ACL_CACHE.OBJ
C:\WORK\ACL\CODE\TRUNK\LIB_ACL\DEBUG\ACL_BTREE.OBJ
C:\WORK\ACL\CODE\TRUNK\LIB_ACL\DEBUG\ACL_BINHASH.OBJ
C:\WORK\ACL\CODE\TRUNK\LIB_ACL\DEBUG\ACL_ALLOCATOR.OBJ
C:\WORK\ACL\CODE\TRUNK\LIB_ACL\DEBUG\ACL_WRITE_WAIT.OBJ
C:\WORK\ACL\CODE\TRUNK\LIB_ACL\DEBUG\ACL_WRITE_BUF.OBJ
C:\WORK\ACL\CODE\TRUNK\LIB_ACL\DEBUG\ACL_TIMED_WRITE.OBJ
C:\WORK\ACL\CODE\TRUNK\LIB_ACL\DEBUG\ACL_TIMED_READ.OBJ
C:\WORK\ACL\CODE\TRUNK\LIB_ACL\DEBUG\ACL_READABLE.OBJ
C:\WORK\ACL\CODE\TRUNK\LIB_ACL\DEBUG\ACL_READ_WAIT.OBJ
C:\WORK\ACL\CODE\TRUNK\LIB_ACL\DEBUG\ACL_PIPE.OBJ
C:\WORK\ACL\CODE\TRUNK\LIB_ACL\DEBUG\ACL_PEEKFD.OBJ
C:\WORK\ACL\CODE\TRUNK\LIB_ACL\DEBUG\ACL_OPEN_LIMIT.OBJ
C:\WORK\ACL\CODE\TRUNK\LIB_ACL\DEBUG\ACL_NON_BLOCKING.OBJ
C:\WORK\ACL\CODE\TRUNK\LIB_ACL\DEBUG\ACL_FDTYPE.OBJ
C:\WORK\ACL\CODE\TRUNK\LIB_ACL\DEBUG\ACL_DUPLEX_PIPE.OBJ
C:\WORK\ACL\CODE\TRUNK\LIB_ACL\DEBUG\ACL_DOZE.OBJ
C:\WORK\ACL\CODE\TRUNK\LIB_ACL\DEBUG\ACL_CLOSEFROM.OBJ
C:\WORK\ACL\CODE\TRUNK\LIB_ACL\DEBUG\ACL_CLOSE_ON_EXEC.OBJ
C:\WORK\ACL\CODE\TRUNK\LIB_ACL\DEBUG\GETOPT.OBJ
C:\WORK\ACL\CODE\TRUNK\LIB_ACL\DEBUG\ACL_SCAN_DIR.OBJ
C:\WORK\ACL\CODE\TRUNK\LIB_ACL\DEBUG\ACL_SANE_BASENAME.OBJ
C:\WORK\ACL\CODE\TRUNK\LIB_ACL\DEBUG\ACL_MAKE_DIRS.OBJ
C:\WORK\ACL\CODE\TRUNK\LIB_ACL\DEBUG\STRCASECMP.OBJ
C:\WORK\ACL\CODE\TRUNK\LIB_ACL\DEBUG\ACL_STR2TIME.OBJ
C:\WORK\ACL\CODE\TRUNK\LIB_ACL\DEBUG\ACL_SPLIT_NAMEVAL.OBJ
C:\WORK\ACL\CODE\TRUNK\LIB_ACL\DEBUG\ACL_SPLIT_AT.OBJ
C:\WORK\ACL\CODE\TRUNK\LIB_ACL\DEBUG\ACL_MYSTRING.OBJ
C:\WORK\ACL\CODE\TRUNK\LIB_ACL\DEBUG\ACL_HEX_CODE.OBJ
C:\WORK\ACL\CODE\TRUNK\LIB_ACL\DEBUG\ACL_CONCATENATE.OBJ
C:\WORK\ACL\CODE\TRUNK\LIB_ACL\DEBUG\ACL_BASENAME.OBJ
C:\WORK\ACL\CODE\TRUNK\LIB_ACL\DEBUG\ACL_ALLDIG.OBJ
C:\WORK\ACL\CODE\TRUNK\LIB_ACL\DEBUG\VSTRING_POOL.OBJ
C:\WORK\ACL\CODE\TRUNK\LIB_ACL\DEBUG\SQUID_ALLOCATOR_TOOLS.OBJ
C:\WORK\ACL\CODE\TRUNK\LIB_ACL\DEBUG\SQUID_ALLOCATOR.OBJ
C:\WORK\ACL\CODE\TRUNK\LIB_ACL\DEBUG\MEM_POOL.OBJ
C:\WORK\ACL\CODE\TRUNK\LIB_ACL\DEBUG\ACL_SLICE.OBJ
C:\WORK\ACL\CODE\TRUNK\LIB_ACL\DEBUG\ACL_MEMPOOL.OBJ
C:\WORK\ACL\CODE\TRUNK\LIB_ACL\DEBUG\ACL_MEM_SLICE.OBJ
C:\WORK\ACL\CODE\TRUNK\LIB_ACL\DEBUG\ACL_MEM_HOOK.OBJ
C:\WORK\ACL\CODE\TRUNK\LIB_ACL\DEBUG\ACL_MALLOC_GLUE.OBJ
C:\WORK\ACL\CODE\TRUNK\LIB_ACL\DEBUG\ACL_DEFAULT_MALLOC.OBJ
C:\WORK\ACL\CODE\TRUNK\LIB_ACL\DEBUG\ACL_DBUF_POOL.OBJ
C:\WORK\ACL\CODE\TRUNK\LIB_ACL\DEBUG\ACL_TIMED_WAIT.OBJ
C:\WORK\ACL\CODE\TRUNK\LIB_ACL\DEBUG\ACL_SET_UGID.OBJ
C:\WORK\ACL\CODE\TRUNK\LIB_ACL\DEBUG\ACL_SET_EUGID.OBJ
C:\WORK\ACL\CODE\TRUNK\LIB_ACL\DEBUG\ACL_SANE_SOCKETPAIR.OBJ
C:\WORK\ACL\CODE\TRUNK\LIB_ACL\DEBUG\ACL_SAFE_OPEN.OBJ
C:\WORK\ACL\CODE\TRUNK\LIB_ACL\DEBUG\ACL_OPEN_LOCK.OBJ
C:\WORK\ACL\CODE\TRUNK\LIB_ACL\DEBUG\ACL_MYCHOWN.OBJ
C:\WORK\ACL\CODE\TRUNK\LIB_ACL\DEBUG\ACL_CHROOT_UID.OBJ
C:\WORK\ACL\CODE\TRUNK\LIB_ACL\DEBUG\SNPRINTF.OBJ
C:\WORK\ACL\CODE\TRUNK\LIB_ACL\DEBUG\SLEEP.OBJ
C:\WORK\ACL\CODE\TRUNK\LIB_ACL\DEBUG\GETTIMEOFDAY.OBJ
C:\WORK\ACL\CODE\TRUNK\LIB_ACL\DEBUG\ACL_UNSAFE.OBJ
C:\WORK\ACL\CODE\TRUNK\LIB_ACL\DEBUG\ACL_SYS_SOCKET.OBJ
C:\WORK\ACL\CODE\TRUNK\LIB_ACL\DEBUG\ACL_SYS_FILE.OBJ
C:\WORK\ACL\CODE\TRUNK\LIB_ACL\DEBUG\ACL_SAFE_GETENV.OBJ
C:\WORK\ACL\CODE\TRUNK\LIB_ACL\DEBUG\ACL_PROCESS.OBJ
C:\WORK\ACL\CODE\TRUNK\LIB_ACL\DEBUG\ACL_EXEC_COMMAND.OBJ
C:\WORK\ACL\CODE\TRUNK\LIB_ACL\DEBUG\ACL_ENV.OBJ
C:\WORK\ACL\CODE\TRUNK\LIB_ACL\DEBUG\ACL_DLL.OBJ
C:\WORK\ACL\CODE\TRUNK\LIB_ACL\DEBUG\STRCASESTR.OBJ
C:\WORK\ACL\CODE\TRUNK\LIB_ACL\DEBUG\ACL_XML.OBJ
C:\WORK\ACL\CODE\TRUNK\LIB_ACL\DEBUG\ACL_TEST_TOKEN.OBJ
C:\WORK\ACL\CODE\TRUNK\LIB_ACL\DEBUG\ACL_TEST_RUNNER.OBJ
C:\WORK\ACL\CODE\TRUNK\LIB_ACL\DEBUG\ACL_TEST_OUTER.OBJ
C:\WORK\ACL\CODE\TRUNK\LIB_ACL\DEBUG\ACL_TEST_MISC.OBJ
C:\WORK\ACL\CODE\TRUNK\LIB_ACL\DEBUG\ACL_TEST_LOOP.OBJ
C:\WORK\ACL\CODE\TRUNK\LIB_ACL\DEBUG\ACL_TEST_LOG.OBJ
C:\WORK\ACL\CODE\TRUNK\LIB_ACL\DEBUG\ACL_TEST_INNER.OBJ
C:\WORK\ACL\CODE\TRUNK\LIB_ACL\DEBUG\ACL_TEST_CFG_GENERAL.OBJ
C:\WORK\ACL\CODE\TRUNK\LIB_ACL\DEBUG\ACL_TEST_CFG.OBJ
C:\WORK\ACL\CODE\TRUNK\LIB_ACL\DEBUG\ACL_SEM.OBJ
C:\WORK\ACL\CODE\TRUNK\LIB_ACL\DEBUG\ACL_PTHREAD_RWLOCK.OBJ
C:\WORK\ACL\CODE\TRUNK\LIB_ACL\DEBUG\ACL_PTHREAD_POOL.OBJ
C:\WORK\ACL\CODE\TRUNK\LIB_ACL\DEBUG\ACL_PTHREAD_MUTEX.OBJ
C:\WORK\ACL\CODE\TRUNK\LIB_ACL\DEBUG\ACL_PTHREAD_COND.OBJ
C:\WORK\ACL\CODE\TRUNK\LIB_ACL\DEBUG\ACL_PTHREAD.OBJ
C:\WORK\ACL\CODE\TRUNK\LIB_ACL\DEBUG\POSIX_SIGNALS.OBJ
C:\WORK\ACL\CODE\TRUNK\LIB_ACL\DEBUG\ACL_WATCHDOG.OBJ
C:\WORK\ACL\CODE\TRUNK\LIB_ACL\DEBUG\ACL_USERNAME.OBJ
C:\WORK\ACL\CODE\TRUNK\LIB_ACL\DEBUG\ACL_TRANSFER_FD.OBJ
C:\WORK\ACL\CODE\TRUNK\LIB_ACL\DEBUG\ACL_XML_UTIL.OBJ
C:\WORK\ACL\CODE\TRUNK\LIB_ACL\DEBUG\ACL_XML_PARSE.OBJ
C:\WORK\ACL\CODE\TRUNK\LIB_ACL\LIB_ACL_VC2012D.LIB
C:\WORK\ACL\CODE\TRUNK\LIB_ACL\DEBUG\LIB_ACL.RES
C:\work\acl\code\trunk\lib_acl\Debug\acl_access.obj
C:\work\acl\code\trunk\lib_acl\Debug\acl_aio.obj
C:\work\acl\code\trunk\lib_acl\Debug\acl_aio_app_main.obj
C:\work\acl\code\trunk\lib_acl\Debug\acl_aio_connect.obj
C:\work\acl\code\trunk\lib_acl\Debug\acl_aio_listen.obj
C:\work\acl\code\trunk\lib_acl\Debug\acl_aio_read.obj
C:\work\acl\code\trunk\lib_acl\Debug\acl_aio_server.obj
C:\work\acl\code\trunk\lib_acl\Debug\acl_aio_stream.obj
C:\work\acl\code\trunk\lib_acl\Debug\acl_aio_write.obj
C:\work\acl\code\trunk\lib_acl\Debug\acl_alldig.obj
C:\work\acl\code\trunk\lib_acl\Debug\acl_allocator.obj
C:\work\acl\code\trunk\lib_acl\Debug\acl_aqueue.obj
C:\work\acl\code\trunk\lib_acl\Debug\acl_argv.obj
C:\work\acl\code\trunk\lib_acl\Debug\acl_argv_split.obj
C:\work\acl\code\trunk\lib_acl\Debug\acl_array.obj
C:\work\acl\code\trunk\lib_acl\Debug\acl_base64.obj
C:\work\acl\code\trunk\lib_acl\Debug\acl_basename.obj
C:\work\acl\code\trunk\lib_acl\Debug\acl_binhash.obj
C:\work\acl\code\trunk\lib_acl\Debug\acl_btree.obj
C:\work\acl\code\trunk\lib_acl\Debug\acl_cache.obj
C:\work\acl\code\trunk\lib_acl\Debug\acl_cache2.obj
C:\work\acl\code\trunk\lib_acl\Debug\acl_chroot_uid.obj
C:\work\acl\code\trunk\lib_acl\Debug\acl_chunk_chain.obj
C:\work\acl\code\trunk\lib_acl\Debug\acl_closefrom.obj
C:\work\acl\code\trunk\lib_acl\Debug\acl_close_on_exec.obj
C:\work\acl\code\trunk\lib_acl\Debug\acl_concatenate.obj
C:\work\acl\code\trunk\lib_acl\Debug\acl_dbmysql.obj
C:\work\acl\code\trunk\lib_acl\Debug\acl_dbnull.obj
C:\work\acl\code\trunk\lib_acl\Debug\acl_dbpool.obj
C:\work\acl\code\trunk\lib_acl\Debug\acl_dbpool_mysql.obj
C:\work\acl\code\trunk\lib_acl\Debug\acl_dbpool_null.obj
C:\work\acl\code\trunk\lib_acl\Debug\acl_dbsql.obj
C:\work\acl\code\trunk\lib_acl\Debug\acl_dbuf_pool.obj
C:\work\acl\code\trunk\lib_acl\Debug\acl_debug.obj
C:\work\acl\code\trunk\lib_acl\Debug\acl_debug_malloc.obj
C:\work\acl\code\trunk\lib_acl\Debug\acl_default_malloc.obj
C:\work\acl\code\trunk\lib_acl\Debug\acl_dir.obj
C:\work\acl\code\trunk\lib_acl\Debug\acl_dlink.obj
C:\work\acl\code\trunk\lib_acl\Debug\acl_dll.obj
C:\work\acl\code\trunk\lib_acl\Debug\acl_dns.obj
C:\work\acl\code\trunk\lib_acl\Debug\acl_doze.obj
C:\work\acl\code\trunk\lib_acl\Debug\acl_duplex_pipe.obj
C:\work\acl\code\trunk\lib_acl\Debug\acl_env.obj
C:\work\acl\code\trunk\lib_acl\Debug\acl_events.obj
C:\work\acl\code\trunk\lib_acl\Debug\acl_exec_command.obj
C:\work\acl\code\trunk\lib_acl\Debug\acl_fdtype.obj
C:\work\acl\code\trunk\lib_acl\Debug\acl_fhandle.obj
C:\work\acl\code\trunk\lib_acl\Debug\acl_fifo.obj
C:\work\acl\code\trunk\lib_acl\Debug\acl_fifo_listen.obj
C:\work\acl\code\trunk\lib_acl\Debug\acl_file.obj
C:\work\acl\code\trunk\lib_acl\Debug\acl_gbcode.obj
C:\work\acl\code\trunk\lib_acl\Debug\acl_getopt.obj
C:\work\acl\code\trunk\lib_acl\Debug\acl_hash.obj
C:\work\acl\code\trunk\lib_acl\Debug\acl_hex_code.obj
C:\work\acl\code\trunk\lib_acl\Debug\acl_host_port.obj
C:\work\acl\code\trunk\lib_acl\Debug\acl_htable.obj
C:\work\acl\code\trunk\lib_acl\Debug\acl_htmlcode.obj
C:\work\acl\code\trunk\lib_acl\Debug\acl_ifconf.obj
C:\work\acl\code\trunk\lib_acl\Debug\acl_inet_connect.obj
C:\work\acl\code\trunk\lib_acl\Debug\acl_inet_listen.obj
C:\work\acl\code\trunk\lib_acl\Debug\acl_init.obj
C:\work\acl\code\trunk\lib_acl\Debug\acl_ioctl.obj
C:\work\acl\code\trunk\lib_acl\Debug\acl_ioctl_app_main.obj
C:\work\acl\code\trunk\lib_acl\Debug\acl_ioctl_server.obj
C:\work\acl\code\trunk\lib_acl\Debug\acl_iplink.obj
C:\work\acl\code\trunk\lib_acl\Debug\acl_json.obj
C:\work\acl\code\trunk\lib_acl\Debug\acl_json_parse.obj
C:\work\acl\code\trunk\lib_acl\Debug\acl_json_util.obj
C:\work\acl\code\trunk\lib_acl\Debug\acl_loadcfg.obj
C:\work\acl\code\trunk\lib_acl\Debug\acl_make_dirs.obj
C:\work\acl\code\trunk\lib_acl\Debug\acl_malloc_glue.obj
C:\work\acl\code\trunk\lib_acl\Debug\acl_mask_addr.obj
C:\work\acl\code\trunk\lib_acl\Debug\acl_master_log.obj
C:\work\acl\code\trunk\lib_acl\Debug\acl_mdb.obj
C:\work\acl\code\trunk\lib_acl\Debug\acl_mdt.obj
C:\work\acl\code\trunk\lib_acl\Debug\acl_mdt_avl.obj
C:\work\acl\code\trunk\lib_acl\Debug\acl_mdt_binhash.obj
C:\work\acl\code\trunk\lib_acl\Debug\acl_mdt_hash.obj
C:\work\acl\code\trunk\lib_acl\Debug\acl_mempool.obj
C:\work\acl\code\trunk\lib_acl\Debug\acl_mem_hook.obj
C:\work\acl\code\trunk\lib_acl\Debug\acl_mem_slice.obj
C:\work\acl\code\trunk\lib_acl\Debug\acl_meter_time.obj
C:\work\acl\code\trunk\lib_acl\Debug\acl_msg.obj
C:\work\acl\code\trunk\lib_acl\Debug\acl_msgio.obj
C:\work\acl\code\trunk\lib_acl\Debug\acl_multi_server.obj
C:\work\acl\code\trunk\lib_acl\Debug\acl_mychown.obj
C:\work\acl\code\trunk\lib_acl\Debug\acl_myflock.obj
C:\work\acl\code\trunk\lib_acl\Debug\acl_mylog.obj
C:\work\acl\code\trunk\lib_acl\Debug\acl_mystring.obj
C:\work\acl\code\trunk\lib_acl\Debug\acl_netdb.obj
C:\work\acl\code\trunk\lib_acl\Debug\acl_netdb_cache.obj
C:\work\acl\code\trunk\lib_acl\Debug\acl_non_blocking.obj
C:\work\acl\code\trunk\lib_acl\Debug\acl_open_limit.obj
C:\work\acl\code\trunk\lib_acl\Debug\acl_open_lock.obj
C:\work\acl\code\trunk\lib_acl\Debug\acl_peekfd.obj
C:\work\acl\code\trunk\lib_acl\Debug\acl_pipe.obj
C:\work\acl\code\trunk\lib_acl\Debug\acl_process.obj
C:\work\acl\code\trunk\lib_acl\Debug\acl_proctl.obj
C:\work\acl\code\trunk\lib_acl\Debug\acl_pthread.obj
C:\work\acl\code\trunk\lib_acl\Debug\acl_pthread_cond.obj
C:\work\acl\code\trunk\lib_acl\Debug\acl_pthread_mutex.obj
C:\work\acl\code\trunk\lib_acl\Debug\acl_pthread_pool.obj
C:\work\acl\code\trunk\lib_acl\Debug\acl_pthread_rwlock.obj
C:\work\acl\code\trunk\lib_acl\Debug\acl_readable.obj
C:\work\acl\code\trunk\lib_acl\Debug\acl_readline.obj
C:\work\acl\code\trunk\lib_acl\Debug\acl_read_wait.obj
C:\work\acl\code\trunk\lib_acl\Debug\acl_res.obj
C:\work\acl\code\trunk\lib_acl\Debug\acl_ring.obj
C:\work\acl\code\trunk\lib_acl\Debug\acl_safe_getenv.obj
C:\work\acl\code\trunk\lib_acl\Debug\acl_safe_open.obj
C:\work\acl\code\trunk\lib_acl\Debug\acl_sane_accept.obj
C:\work\acl\code\trunk\lib_acl\Debug\acl_sane_basename.obj
C:\work\acl\code\trunk\lib_acl\Debug\acl_sane_connect.obj
C:\work\acl\code\trunk\lib_acl\Debug\acl_sane_inet.obj
C:\work\acl\code\trunk\lib_acl\Debug\acl_sane_socket.obj
C:\work\acl\code\trunk\lib_acl\Debug\acl_sane_socketpair.obj
C:\work\acl\code\trunk\lib_acl\Debug\acl_scan_dir.obj
C:\work\acl\code\trunk\lib_acl\Debug\acl_sem.obj
C:\work\acl\code\trunk\lib_acl\Debug\acl_set_eugid.obj
C:\work\acl\code\trunk\lib_acl\Debug\acl_set_ugid.obj
C:\work\acl\code\trunk\lib_acl\Debug\acl_single_server.obj
C:\work\acl\code\trunk\lib_acl\Debug\acl_slice.obj
C:\work\acl\code\trunk\lib_acl\Debug\acl_split_at.obj
C:\work\acl\code\trunk\lib_acl\Debug\acl_split_nameval.obj
C:\work\acl\code\trunk\lib_acl\Debug\acl_stack.obj
C:\work\acl\code\trunk\lib_acl\Debug\acl_stdafx.obj
C:\work\acl\code\trunk\lib_acl\Debug\acl_str2time.obj
C:\work\acl\code\trunk\lib_acl\Debug\acl_stream_connect.obj
C:\work\acl\code\trunk\lib_acl\Debug\acl_sys_file.obj
C:\work\acl\code\trunk\lib_acl\Debug\acl_sys_socket.obj
C:\work\acl\code\trunk\lib_acl\Debug\acl_tcp_ctl.obj
C:\work\acl\code\trunk\lib_acl\Debug\acl_test_cfg.obj
C:\work\acl\code\trunk\lib_acl\Debug\acl_test_cfg_general.obj
C:\work\acl\code\trunk\lib_acl\Debug\acl_test_inner.obj
C:\work\acl\code\trunk\lib_acl\Debug\acl_test_log.obj
C:\work\acl\code\trunk\lib_acl\Debug\acl_test_loop.obj
C:\work\acl\code\trunk\lib_acl\Debug\acl_test_misc.obj
C:\work\acl\code\trunk\lib_acl\Debug\acl_test_outer.obj
C:\work\acl\code\trunk\lib_acl\Debug\acl_test_runner.obj
C:\work\acl\code\trunk\lib_acl\Debug\acl_test_token.obj
C:\work\acl\code\trunk\lib_acl\Debug\acl_timed_connect.obj
C:\work\acl\code\trunk\lib_acl\Debug\acl_timed_read.obj
C:\work\acl\code\trunk\lib_acl\Debug\acl_timed_wait.obj
C:\work\acl\code\trunk\lib_acl\Debug\acl_timed_write.obj
C:\work\acl\code\trunk\lib_acl\Debug\acl_timer.obj
C:\work\acl\code\trunk\lib_acl\Debug\acl_token_tree.obj
C:\work\acl\code\trunk\lib_acl\Debug\acl_transfer_fd.obj
C:\work\acl\code\trunk\lib_acl\Debug\acl_trigger_server.obj
C:\work\acl\code\trunk\lib_acl\Debug\acl_unix_connect.obj
C:\work\acl\code\trunk\lib_acl\Debug\acl_unix_listen.obj
C:\work\acl\code\trunk\lib_acl\Debug\acl_unsafe.obj
C:\work\acl\code\trunk\lib_acl\Debug\acl_urlcode.obj
C:\work\acl\code\trunk\lib_acl\Debug\acl_username.obj
C:\work\acl\code\trunk\lib_acl\Debug\acl_valid_hostname.obj
C:\work\acl\code\trunk\lib_acl\Debug\acl_vbuf.obj
C:\work\acl\code\trunk\lib_acl\Debug\acl_vbuf_print.obj
C:\work\acl\code\trunk\lib_acl\Debug\acl_vsprintf.obj
C:\work\acl\code\trunk\lib_acl\Debug\acl_vstream.obj
C:\work\acl\code\trunk\lib_acl\Debug\acl_vstream_net.obj
C:\work\acl\code\trunk\lib_acl\Debug\acl_vstream_popen.obj
C:\work\acl\code\trunk\lib_acl\Debug\acl_vstring.obj
C:\work\acl\code\trunk\lib_acl\Debug\acl_vstring_base64.obj
C:\work\acl\code\trunk\lib_acl\Debug\acl_vstring_vstream.obj
C:\work\acl\code\trunk\lib_acl\Debug\acl_watchdog.obj
C:\work\acl\code\trunk\lib_acl\Debug\acl_write_buf.obj
C:\work\acl\code\trunk\lib_acl\Debug\acl_write_wait.obj
C:\work\acl\code\trunk\lib_acl\Debug\acl_xinetd_cfg.obj
C:\work\acl\code\trunk\lib_acl\Debug\acl_xinetd_params.obj
C:\work\acl\code\trunk\lib_acl\Debug\acl_xml.obj
C:\work\acl\code\trunk\lib_acl\Debug\acl_xmlcode.obj
C:\work\acl\code\trunk\lib_acl\Debug\acl_xml_parse.obj
C:\work\acl\code\trunk\lib_acl\Debug\acl_xml_util.obj
C:\work\acl\code\trunk\lib_acl\Debug\aio_callback.obj
C:\work\acl\code\trunk\lib_acl\Debug\avl.obj
C:\work\acl\code\trunk\lib_acl\Debug\debug_htable.obj
C:\work\acl\code\trunk\lib_acl\Debug\events.obj
C:\work\acl\code\trunk\lib_acl\Debug\events_alloc.obj
C:\work\acl\code\trunk\lib_acl\Debug\events_dog.obj
C:\work\acl\code\trunk\lib_acl\Debug\events_fdtable.obj
C:\work\acl\code\trunk\lib_acl\Debug\events_iocp.obj
C:\work\acl\code\trunk\lib_acl\Debug\events_kernel.obj
C:\work\acl\code\trunk\lib_acl\Debug\events_kernel2.obj
C:\work\acl\code\trunk\lib_acl\Debug\events_kernel3.obj
C:\work\acl\code\trunk\lib_acl\Debug\events_kernel_thr.obj
C:\work\acl\code\trunk\lib_acl\Debug\events_poll.obj
C:\work\acl\code\trunk\lib_acl\Debug\events_poll_thr.obj
C:\work\acl\code\trunk\lib_acl\Debug\events_select.obj
C:\work\acl\code\trunk\lib_acl\Debug\events_select_thr.obj
C:\work\acl\code\trunk\lib_acl\Debug\events_timer.obj
C:\work\acl\code\trunk\lib_acl\Debug\events_timer_thr.obj
C:\work\acl\code\trunk\lib_acl\Debug\events_wmsg.obj
C:\work\acl\code\trunk\lib_acl\Debug\fdmap.obj
C:\work\acl\code\trunk\lib_acl\Debug\fifo_trigger.obj
C:\work\acl\code\trunk\lib_acl\Debug\getopt.obj
C:\work\acl\code\trunk\lib_acl\Debug\gettimeofday.obj
C:\work\acl\code\trunk\lib_acl\Debug\inet_trigger.obj
C:\work\acl\code\trunk\lib_acl\Debug\ioctl_proc.obj
C:\work\acl\code\trunk\lib_acl\Debug\ioctl_thr.obj
C:\work\acl\code\trunk\lib_acl\Debug\master.obj
C:\work\acl\code\trunk\lib_acl\Debug\master_avail.obj
C:\work\acl\code\trunk\lib_acl\Debug\master_conf.obj
C:\work\acl\code\trunk\lib_acl\Debug\master_ent.obj
C:\work\acl\code\trunk\lib_acl\Debug\master_flow.obj
C:\work\acl\code\trunk\lib_acl\Debug\master_listen.obj
C:\work\acl\code\trunk\lib_acl\Debug\master_params.obj
C:\work\acl\code\trunk\lib_acl\Debug\master_pathname.obj
C:\work\acl\code\trunk\lib_acl\Debug\master_proto.obj
C:\work\acl\code\trunk\lib_acl\Debug\master_service.obj
C:\work\acl\code\trunk\lib_acl\Debug\master_sig.obj
C:\work\acl\code\trunk\lib_acl\Debug\master_spawn.obj
C:\work\acl\code\trunk\lib_acl\Debug\master_status.obj
C:\work\acl\code\trunk\lib_acl\Debug\master_vars.obj
C:\work\acl\code\trunk\lib_acl\Debug\master_wakeup.obj
C:\work\acl\code\trunk\lib_acl\Debug\mem_pool.obj
C:\work\acl\code\trunk\lib_acl\Debug\posix_signals.obj
C:\work\acl\code\trunk\lib_acl\Debug\private_array.obj
C:\work\acl\code\trunk\lib_acl\Debug\private_fifo.obj
C:\work\acl\code\trunk\lib_acl\Debug\private_vstream.obj
C:\work\acl\code\trunk\lib_acl\Debug\proctl_child.obj
C:\work\acl\code\trunk\lib_acl\Debug\proctl_monitor.obj
C:\work\acl\code\trunk\lib_acl\Debug\proctl_service.obj
C:\work\acl\code\trunk\lib_acl\Debug\proctl_utils.obj
C:\work\acl\code\trunk\lib_acl\Debug\res_util.obj
C:\work\acl\code\trunk\lib_acl\Debug\rfc1035.obj
C:\work\acl\code\trunk\lib_acl\Debug\sem.obj
C:\work\acl\code\trunk\lib_acl\Debug\sleep.obj
C:\work\acl\code\trunk\lib_acl\Debug\snprintf.obj
C:\work\acl\code\trunk\lib_acl\Debug\squid_allocator.obj
C:\work\acl\code\trunk\lib_acl\Debug\squid_allocator_tools.obj
C:\work\acl\code\trunk\lib_acl\Debug\strcasecmp.obj
C:\work\acl\code\trunk\lib_acl\Debug\strcasestr.obj
C:\work\acl\code\trunk\lib_acl\Debug\stream_trigger.obj
C:\work\acl\code\trunk\lib_acl\Debug\thread_mutex.obj
C:\work\acl\code\trunk\lib_acl\Debug\uni2utf8.obj
C:\work\acl\code\trunk\lib_acl\Debug\unix_trigger.obj
C:\work\acl\code\trunk\lib_acl\Debug\vstring_pool.obj
C:\work\acl\code\trunk\lib_acl\Debug\zdb.obj
C:\work\acl\code\trunk\lib_acl\Debug\zdb_dat.obj
C:\work\acl\code\trunk\lib_acl\Debug\zdb_dat_iter.obj
C:\work\acl\code\trunk\lib_acl\Debug\zdb_dat_walk.obj
C:\work\acl\code\trunk\lib_acl\Debug\zdb_io.obj
C:\work\acl\code\trunk\lib_acl\Debug\zdb_key.obj
C:\work\acl\code\trunk\lib_acl\Debug\zdb_key_walk.obj
C:\work\acl\code\trunk\lib_acl\.\lib_acl_vc2012d.lib
