  acl_stdafx.c
  acl_aio.c
  acl_aio_connect.c
  acl_aio_listen.c
  acl_aio_read.c
  acl_aio_stream.c
  acl_aio_write.c
  aio_callback.c
  acl_base64.c
  acl_gbcode.c
  acl_htmlcode.c
  acl_urlcode.c
  acl_vstring_base64.c
  acl_xmlcode.c
  uni2utf8.c
  acl_dbpool.c
  acl_dbsql.c
  acl_mdb.c
  acl_mdt.c
  acl_mdt_avl.c
  acl_mdt_binhash.c
  正在生成代码...
  正在编译...
  acl_mdt_hash.c
  acl_dbmysql.c
  acl_dbpool_mysql.c
  acl_dbnull.c
  acl_dbpool_null.c
  zdb.c
  zdb_dat.c
  zdb_dat_iter.c
  zdb_dat_walk.c
  zdb_io.c
  zdb_key.c
  zdb_key_walk.c
  acl_events.c
  acl_timer.c
  events.c
  events_alloc.c
  events_dog.c
  events_fdtable.c
  events_iocp.c
  events_kernel.c
  正在生成代码...
  正在编译...
  events_kernel2.c
  events_kernel3.c
  events_kernel_thr.c
  events_poll.c
  events_poll_thr.c
  events_select.c
  events_select_thr.c
  events_timer.c
  events_timer_thr.c
  events_wmsg.c
  fdmap.c
  acl_init.c
  acl_ioctl.c
  ioctl_proc.c
  ioctl_thr.c
  acl_json.c
  acl_json_parse.c
  acl_json_util.c
  master.c
  master_avail.c
  正在生成代码...
  正在编译...
  master_conf.c
  master_ent.c
  master_listen.c
  master_pathname.c
  master_service.c
  master_sig.c
  master_spawn.c
  master_status.c
  master_wakeup.c
  fifo_trigger.c
  inet_trigger.c
  stream_trigger.c
  unix_trigger.c
  master_flow.c
  master_params.c
  master_proto.c
  master_vars.c
  acl_aio_app_main.c
  acl_aio_server.c
  acl_ioctl_app_main.c
  正在生成代码...
  正在编译...
  acl_ioctl_server.c
  acl_master_log.c
  acl_multi_server.c
  acl_single_server.c
  acl_trigger_server.c
  acl_aqueue.c
  acl_msgio.c
  acl_access.c
  acl_host_port.c
  acl_ifconf.c
  acl_mask_addr.c
  acl_sane_inet.c
  acl_sane_socket.c
  acl_tcp_ctl.c
  acl_valid_hostname.c
  acl_vstream_net.c
  acl_inet_connect.c
  acl_sane_connect.c
  acl_stream_connect.c
  acl_timed_connect.c
  正在生成代码...
  正在编译...
  acl_unix_connect.c
  acl_dns.c
  acl_netdb.c
  acl_netdb_cache.c
  acl_res.c
  res_util.c
  rfc1035.c
  acl_fifo_listen.c
  acl_inet_listen.c
  acl_sane_accept.c
  acl_unix_listen.c
  private_array.c
  private_fifo.c
  private_vstream.c
  sem.c
  thread_mutex.c
  acl_proctl.c
  proctl_child.c
  proctl_monitor.c
  proctl_service.c
  正在生成代码...
  正在编译...
  proctl_utils.c
  acl_chunk_chain.c
  acl_debug.c
  acl_file.c
  acl_getopt.c
  acl_meter_time.c
  acl_msg.c
  acl_myflock.c
  acl_mylog.c
  acl_readline.c
  acl_vbuf.c
  acl_vbuf_print.c
  acl_vsprintf.c
  acl_vstream.c
  acl_vstream_popen.c
  acl_vstring.c
  acl_vstring_vstream.c
  acl_argv.c
  acl_argv_split.c
  acl_array.c
  正在生成代码...
  正在编译...
  acl_binhash.c
  acl_btree.c
  acl_cache.c
  acl_cache2.c
  acl_dlink.c
  acl_fifo.c
  acl_hash.c
  acl_htable.c
  acl_iplink.c
  acl_ring.c
  acl_stack.c
  acl_token_tree.c
  avl.c
  acl_loadcfg.c
  acl_xinetd_cfg.c
  acl_xinetd_params.c
  acl_debug_malloc.c
  debug_htable.c
  acl_dir.c
  acl_fhandle.c
  正在生成代码...
  正在编译...
  acl_make_dirs.c
  acl_sane_basename.c
  acl_scan_dir.c
  getopt.c
  acl_close_on_exec.c
  acl_closefrom.c
  acl_doze.c
  acl_duplex_pipe.c
  acl_fdtype.c
  acl_non_blocking.c
  acl_open_limit.c
  acl_peekfd.c
  acl_pipe.c
  acl_read_wait.c
  acl_readable.c
  acl_timed_read.c
  acl_timed_write.c
  acl_write_buf.c
  acl_write_wait.c
  acl_allocator.c
  正在生成代码...
  正在编译...
  acl_dbuf_pool.c
  acl_default_malloc.c
  acl_malloc_glue.c
  acl_mem_hook.c
  acl_mem_slice.c
  acl_mempool.c
  acl_slice.c
  mem_pool.c
  squid_allocator.c
  squid_allocator_tools.c
  vstring_pool.c
  acl_alldig.c
  acl_basename.c
  acl_concatenate.c
  acl_hex_code.c
  acl_mystring.c
  acl_split_at.c
  acl_split_nameval.c
  acl_str2time.c
  strcasecmp.c
  正在生成代码...
  正在编译...
  strcasestr.c
  acl_dll.c
  acl_env.c
  acl_exec_command.c
  acl_process.c
  acl_safe_getenv.c
  acl_sys_file.c
  acl_sys_socket.c
  acl_unsafe.c
  gettimeofday.c
  sleep.c
  snprintf.c
  acl_chroot_uid.c
  acl_mychown.c
  acl_open_lock.c
  acl_safe_open.c
  acl_sane_socketpair.c
  acl_set_eugid.c
  acl_set_ugid.c
  acl_timed_wait.c
  正在生成代码...
  正在编译...
  acl_transfer_fd.c
  acl_username.c
  acl_watchdog.c
  posix_signals.c
  acl_pthread.c
  acl_pthread_cond.c
  acl_pthread_mutex.c
  acl_pthread_pool.c
  acl_pthread_rwlock.c
  acl_sem.c
  acl_test_cfg.c
  acl_test_cfg_general.c
  acl_test_inner.c
  acl_test_log.c
  acl_test_loop.c
  acl_test_misc.c
  acl_test_outer.c
  acl_test_runner.c
  acl_test_token.c
  acl_xml.c
  正在生成代码...
  正在编译...
  acl_xml_parse.c
  acl_xml_util.c
  正在生成代码...
  lib_acl_vc2012.vcxproj -> C:\work\acl\code\trunk\lib_acl\.\lib_acl_vc2012d.lib
  已复制         1 个文件。
  已复制         1 个文件。
