2018/04/24 14:08:21 master_fiber (pid=47342)(info): >>>proc_on_init<<<
2018/04/24 14:08:21 master_fiber (pid=47342)(info): schedule event type - kernel
2018/04/24 14:08:21 master_fiber (pid=47342)(info): daemon started, log=acl_master.log
2018/04/24 14:08:21 master_fiber (pid=47342)(error): src/fiber_server.cpp(166), thread_fiber_accept: accept error: Invalid argument(22, 35), maxfd: 0, lastfd: 0, listenfd: 6, stoping ...
2018/04/24 14:08:22 master_fiber (pid=47342)(error): src/fiber_server.cpp(166), thread_fiber_accept: accept error: Invalid argument(22, 35), maxfd: 0, lastfd: 0, listenfd: 6, stoping ...
2018/04/24 14:09:23 master_fiber (pid=47421)(info): >>>proc_on_init<<<
2018/04/24 14:09:23 master_fiber (pid=47421)(info): schedule event type - kernel
2018/04/24 14:09:23 master_fiber (pid=47421)(info): daemon started, log=acl_master.log
2018/04/24 14:09:23 master_fiber (pid=47421)(error): src/fiber_server.cpp(166), thread_fiber_accept: accept error: Invalid argument(22, 35), maxfd: 0, lastfd: 0, listenfd: 6, stoping ...
2018/04/24 14:11:19 master_fiber (pid=47572)(info): >>>proc_on_init<<<
2018/04/24 14:11:19 master_fiber (pid=47572)(info): schedule event type - kernel
2018/04/24 14:11:19 master_fiber (pid=47572)(info): daemon started, log=acl_master.log
2018/04/24 14:11:19 master_fiber (pid=47572)(error): src/fiber_server.cpp(166), thread_fiber_accept: accept error: Invalid argument(22, 35), maxfd: 0, lastfd: 0, listenfd: 6, stoping ...
2018/04/24 14:11:20 master_fiber (pid=47572)(error): src/fiber_server.cpp(166), thread_fiber_accept: accept error: Invalid argument(22, 35), maxfd: 0, lastfd: 0, listenfd: 6, stoping ...
2018/04/24 14:11:21 master_fiber (pid=47572)(error): src/fiber_server.cpp(166), thread_fiber_accept: accept error: Invalid argument(22, 35), maxfd: 0, lastfd: 0, listenfd: 6, stoping ...
2018/04/24 14:11:22 master_fiber (pid=47572)(error): src/fiber_server.cpp(166), thread_fiber_accept: accept error: Invalid argument(22, 35), maxfd: 0, lastfd: 0, listenfd: 6, stoping ...
2018/04/24 14:11:30 master_fiber (pid=47573)(info): >>>proc_on_init<<<
2018/04/24 14:11:30 master_fiber (pid=47573)(info): schedule event type - kernel
2018/04/24 14:11:30 master_fiber (pid=47573)(info): daemon started, log=acl_master.log
2018/04/24 14:11:30 master_fiber (pid=47573)(error): src/fiber_server.cpp(166), thread_fiber_accept: accept error: Invalid argument(22, 35), maxfd: 0, lastfd: 0, listenfd: 6, stoping ...
2018/04/24 14:12:29 unknown (pid=47736)(info): >>>proc_on_init<<<
2018/04/24 14:12:29 unknown (pid=47736)(info): schedule event type - kernel
2018/04/24 14:12:29 unknown (pid=47736)(info): daemon started, log=acl_master.log
2018/04/24 14:12:29 unknown (pid=47736)(error): src/fiber_server.cpp(166), thread_fiber_accept: accept error: Invalid argument(22, 35), maxfd: 0, lastfd: 0, listenfd: 6, stoping ...
2018/04/24 14:12:30 unknown (pid=47736)(error): src/fiber_server.cpp(166), thread_fiber_accept: accept error: Invalid argument(22, 35), maxfd: 0, lastfd: 0, listenfd: 6, stoping ...
2018/04/24 14:12:59 unknown (pid=47814)(info): >>>proc_on_init<<<
2018/04/24 14:12:59 unknown (pid=47814)(info): schedule event type - kernel
2018/04/24 14:12:59 unknown (pid=47814)(info): daemon started, log=acl_master.log
2018/04/24 14:12:59 unknown (pid=47814)(error): src/fiber_server.cpp(166), thread_fiber_accept: accept error: Invalid argument(22, 35), maxfd: 0, lastfd: 0, listenfd: 6, stoping ...
2018/04/24 14:13:22 unknown (pid=47892)(info): >>>proc_on_init<<<
2018/04/24 14:13:22 unknown (pid=47892)(info): schedule event type - kernel
2018/04/24 14:13:22 unknown (pid=47892)(info): daemon started, log=acl_master.log
2018/04/24 14:13:22 unknown (pid=47892)(error): src/fiber_server.cpp(166), thread_fiber_accept: accept error: Invalid argument(22, 35), maxfd: 0, lastfd: 0, listenfd: 6, stoping ...
2018/04/24 14:13:23 unknown (pid=47892)(error): src/fiber_server.cpp(166), thread_fiber_accept: accept error: Invalid argument(22, 35), maxfd: 0, lastfd: 0, listenfd: 6, stoping ...
2018/04/24 14:13:24 unknown (pid=47892)(error): src/fiber_server.cpp(166), thread_fiber_accept: accept error: Invalid argument(22, 35), maxfd: 0, lastfd: 0, listenfd: 6, stoping ...
2018/04/24 14:13:25 unknown (pid=47892)(error): src/fiber_server.cpp(166), thread_fiber_accept: accept error: Invalid argument(22, 35), maxfd: 0, lastfd: 0, listenfd: 6, stoping ...
2018/04/24 14:13:26 unknown (pid=47892)(error): src/fiber_server.cpp(166), thread_fiber_accept: accept error: Invalid argument(22, 35), maxfd: 0, lastfd: 0, listenfd: 6, stoping ...
2018/04/24 14:13:27 unknown (pid=47892)(error): src/fiber_server.cpp(166), thread_fiber_accept: accept error: Invalid argument(22, 35), maxfd: 0, lastfd: 0, listenfd: 6, stoping ...
2018/04/24 14:13:28 unknown (pid=47892)(error): src/fiber_server.cpp(166), thread_fiber_accept: accept error: Invalid argument(22, 35), maxfd: 0, lastfd: 0, listenfd: 6, stoping ...
2018/04/24 14:13:29 unknown (pid=47892)(error): src/fiber_server.cpp(166), thread_fiber_accept: accept error: Invalid argument(22, 35), maxfd: 0, lastfd: 0, listenfd: 6, stoping ...
2018/04/24 14:13:30 unknown (pid=47892)(error): src/fiber_server.cpp(166), thread_fiber_accept: accept error: Invalid argument(22, 35), maxfd: 0, lastfd: 0, listenfd: 6, stoping ...
2018/04/24 14:13:31 unknown (pid=47892)(error): src/fiber_server.cpp(166), thread_fiber_accept: accept error: Invalid argument(22, 35), maxfd: 0, lastfd: 0, listenfd: 6, stoping ...
2018/04/24 14:13:32 unknown (pid=47892)(error): src/fiber_server.cpp(166), thread_fiber_accept: accept error: Invalid argument(22, 35), maxfd: 0, lastfd: 0, listenfd: 6, stoping ...
2018/04/24 14:13:33 unknown (pid=47892)(error): src/fiber_server.cpp(166), thread_fiber_accept: accept error: Invalid argument(22, 35), maxfd: 0, lastfd: 0, listenfd: 6, stoping ...
2018/04/24 14:13:34 unknown (pid=47892)(error): src/fiber_server.cpp(166), thread_fiber_accept: accept error: Invalid argument(22, 35), maxfd: 0, lastfd: 0, listenfd: 6, stoping ...
2018/04/24 14:13:35 unknown (pid=47892)(error): src/fiber_server.cpp(166), thread_fiber_accept: accept error: Invalid argument(22, 35), maxfd: 0, lastfd: 0, listenfd: 6, stoping ...
2018/04/24 14:13:36 unknown (pid=47892)(error): src/fiber_server.cpp(166), thread_fiber_accept: accept error: Invalid argument(22, 35), maxfd: 0, lastfd: 0, listenfd: 6, stoping ...
2018/04/24 14:13:37 unknown (pid=47892)(error): src/fiber_server.cpp(166), thread_fiber_accept: accept error: Invalid argument(22, 35), maxfd: 0, lastfd: 0, listenfd: 6, stoping ...
2018/04/24 14:13:38 unknown (pid=47892)(error): src/fiber_server.cpp(166), thread_fiber_accept: accept error: Invalid argument(22, 35), maxfd: 0, lastfd: 0, listenfd: 6, stoping ...
2018/04/24 14:13:39 unknown (pid=47892)(error): src/fiber_server.cpp(166), thread_fiber_accept: accept error: Invalid argument(22, 35), maxfd: 0, lastfd: 0, listenfd: 6, stoping ...
2018/04/24 14:13:40 unknown (pid=47892)(error): src/fiber_server.cpp(166), thread_fiber_accept: accept error: Invalid argument(22, 35), maxfd: 0, lastfd: 0, listenfd: 6, stoping ...
2018/04/24 14:13:41 unknown (pid=47892)(error): src/fiber_server.cpp(166), thread_fiber_accept: accept error: Invalid argument(22, 35), maxfd: 0, lastfd: 0, listenfd: 6, stoping ...
2018/04/24 14:13:42 unknown (pid=47892)(error): src/fiber_server.cpp(166), thread_fiber_accept: accept error: Invalid argument(22, 35), maxfd: 0, lastfd: 0, listenfd: 6, stoping ...
2018/04/24 14:13:43 unknown (pid=47892)(error): src/fiber_server.cpp(166), thread_fiber_accept: accept error: Invalid argument(22, 35), maxfd: 0, lastfd: 0, listenfd: 6, stoping ...
2018/04/24 14:13:44 unknown (pid=47892)(error): src/fiber_server.cpp(166), thread_fiber_accept: accept error: Invalid argument(22, 35), maxfd: 0, lastfd: 0, listenfd: 6, stoping ...
2018/04/24 14:13:47 unknown (pid=47970)(info): >>>proc_on_init<<<
2018/04/24 14:13:47 unknown (pid=47970)(info): schedule event type - kernel
2018/04/24 14:13:47 unknown (pid=47970)(info): daemon started, log=acl_master.log
2018/04/24 14:13:47 unknown (pid=47970)(error): src/fiber_server.cpp(166), thread_fiber_accept: accept error: Invalid argument(22, 35), maxfd: 0, lastfd: 0, listenfd: 6, stoping ...
2018/04/24 14:13:48 unknown (pid=47970)(error): src/fiber_server.cpp(166), thread_fiber_accept: accept error: Invalid argument(22, 35), maxfd: 0, lastfd: 0, listenfd: 6, stoping ...
2018/04/24 14:14:26 unknown (pid=48048)(info): >>>proc_on_init<<<
2018/04/24 14:14:26 unknown (pid=48048)(info): schedule event type - kernel
2018/04/24 14:14:26 unknown (pid=48048)(info): daemon started, log=acl_master.log
2018/04/24 14:14:26 unknown (pid=48048)(error): src/fiber_server.cpp(166), thread_fiber_accept: accept error: Invalid argument(22, 35), maxfd: 0, lastfd: 0, listenfd: 6, stoping ...
2018/04/24 14:14:27 unknown (pid=48048)(error): src/fiber_server.cpp(166), thread_fiber_accept: accept error: Invalid argument(22, 35), maxfd: 0, lastfd: 0, listenfd: 6, stoping ...
2018/04/24 14:14:52 unknown (pid=48126)(info): >>>proc_on_init<<<
2018/04/24 14:14:52 unknown (pid=48126)(info): schedule event type - kernel
2018/04/24 14:14:52 unknown (pid=48126)(info): daemon started, log=acl_master.log
2018/04/24 14:14:52 unknown (pid=48126)(error): src/fiber_server.cpp(166), thread_fiber_accept: accept error: Invalid argument(22, 35), maxfd: 0, lastfd: 0, listenfd: 6, stoping ...
2018/04/24 14:14:53 unknown (pid=48126)(error): src/fiber_server.cpp(166), thread_fiber_accept: accept error: Invalid argument(22, 35), maxfd: 0, lastfd: 0, listenfd: 6, stoping ...
2018/04/24 14:15:39 unknown (pid=48204)(info): >>>proc_on_init<<<
2018/04/24 14:15:39 unknown (pid=48204)(info): schedule event type - kernel
2018/04/24 14:15:39 unknown (pid=48204)(error): src/fiber_server.cpp(166), thread_fiber_accept: accept error: Invalid argument(22, 35), maxfd: 0, lastfd: 0, listenfd: 6, stoping ...
2018/04/24 14:15:39 unknown (pid=48204)(info): daemon started, log=acl_master.log
2018/04/24 14:15:40 unknown (pid=48204)(error): src/fiber_server.cpp(166), thread_fiber_accept: accept error: Invalid argument(22, 35), maxfd: 0, lastfd: 0, listenfd: 6, stoping ...
2018/04/24 14:15:59 unknown (pid=48241)(info): >>>proc_on_init<<<
2018/04/24 14:15:59 unknown (pid=48241)(info): schedule event type - kernel
2018/04/24 14:15:59 unknown (pid=48241)(info): daemon started, log=acl_master.log
2018/04/24 14:15:59 unknown (pid=48241)(error): src/fiber_server.cpp(166), thread_fiber_accept: accept error: Invalid argument(22, 35), maxfd: 0, lastfd: 0, listenfd: 6, stoping ...
2018/04/24 14:16:54 unknown (pid=48319)(info): >>>proc_on_init<<<
2018/04/24 14:16:54 unknown (pid=48319)(info): schedule event type - kernel
2018/04/24 14:16:54 unknown (pid=48319)(info): daemon started, log=acl_master.log
2018/04/24 14:16:54 unknown (pid=48319)(error): src/fiber_server.cpp(166), thread_fiber_accept: accept error: Invalid argument(22, 35), maxfd: 0, lastfd: 0, listenfd: 6, stoping ...
2018/04/24 14:16:55 unknown (pid=48319)(error): src/fiber_server.cpp(166), thread_fiber_accept: accept error: Invalid argument(22, 35), maxfd: 0, lastfd: 0, listenfd: 6, stoping ...
2018/04/24 14:16:56 unknown (pid=48319)(error): src/fiber_server.cpp(166), thread_fiber_accept: accept error: Invalid argument(22, 35), maxfd: 0, lastfd: 0, listenfd: 6, stoping ...
2018/04/24 14:16:57 unknown (pid=48319)(error): src/fiber_server.cpp(166), thread_fiber_accept: accept error: Invalid argument(22, 35), maxfd: 0, lastfd: 0, listenfd: 6, stoping ...
2018/04/24 14:16:58 unknown (pid=48319)(error): src/fiber_server.cpp(166), thread_fiber_accept: accept error: Invalid argument(22, 35), maxfd: 0, lastfd: 0, listenfd: 6, stoping ...
2018/04/24 14:16:59 unknown (pid=48319)(error): src/fiber_server.cpp(166), thread_fiber_accept: accept error: Invalid argument(22, 35), maxfd: 0, lastfd: 0, listenfd: 6, stoping ...
2018/04/24 14:17:00 unknown (pid=48319)(error): src/fiber_server.cpp(166), thread_fiber_accept: accept error: Invalid argument(22, 35), maxfd: 0, lastfd: 0, listenfd: 6, stoping ...
2018/04/24 14:17:21 unknown (pid=48397)(info): >>>proc_on_init<<<
2018/04/24 14:17:21 unknown (pid=48397)(info): schedule event type - kernel
2018/04/24 14:17:21 unknown (pid=48397)(info): daemon started, log=acl_master.log
2018/04/24 14:17:21 unknown (pid=48397)(error): src/fiber_server.cpp(166), thread_fiber_accept: accept error: Invalid argument(22, 35), maxfd: 0, lastfd: 0, listenfd: 6, stoping ...
2018/04/24 14:17:22 unknown (pid=48397)(error): src/fiber_server.cpp(166), thread_fiber_accept: accept error: Invalid argument(22, 35), maxfd: 0, lastfd: 0, listenfd: 6, stoping ...
2018/04/24 14:17:47 unknown (pid=48475)(info): >>>proc_on_init<<<
2018/04/24 14:17:47 unknown (pid=48475)(info): schedule event type - kernel
2018/04/24 14:17:47 unknown (pid=48475)(info): daemon started, log=acl_master.log
2018/04/24 14:17:47 unknown (pid=48475)(error): src/fiber_server.cpp(166), thread_fiber_accept: accept error: Invalid argument(22, 35), maxfd: 0, lastfd: 0, listenfd: 6, stoping ...
2018/04/24 14:17:48 unknown (pid=48475)(error): src/fiber_server.cpp(166), thread_fiber_accept: accept error: Invalid argument(22, 35), maxfd: 0, lastfd: 0, listenfd: 6, stoping ...
2018/04/24 14:19:17 unknown (pid=48578)(info): >>>proc_on_init<<<
2018/04/24 14:19:17 unknown (pid=48578)(info): schedule event type - kernel
2018/04/24 14:19:17 unknown (pid=48578)(info): daemon started, log=acl_master.log
2018/04/24 14:19:17 unknown (pid=48578)(error): src/fiber_server.cpp(166), thread_fiber_accept: accept error: Invalid argument(22, 35), maxfd: 0, lastfd: 0, listenfd: 6, stoping ...
2018/04/24 14:19:18 unknown (pid=48578)(error): src/fiber_server.cpp(166), thread_fiber_accept: accept error: Invalid argument(22, 35), maxfd: 0, lastfd: 0, listenfd: 6, stoping ...
2018/04/24 14:19:44 unknown (pid=48656)(info): >>>proc_on_init<<<
2018/04/24 14:19:44 unknown (pid=48656)(info): schedule event type - kernel
2018/04/24 14:19:44 unknown (pid=48656)(info): daemon started, log=acl_master.log
2018/04/24 14:19:44 unknown (pid=48656)(error): src/fiber_server.cpp(166), thread_fiber_accept: accept error: Invalid argument(22, 35), maxfd: 0, lastfd: 0, listenfd: 6, stoping ...
2018/04/24 14:19:45 unknown (pid=48656)(error): src/fiber_server.cpp(166), thread_fiber_accept: accept error: Invalid argument(22, 35), maxfd: 0, lastfd: 0, listenfd: 6, stoping ...
2018/04/24 14:19:46 unknown (pid=48656)(error): src/fiber_server.cpp(166), thread_fiber_accept: accept error: Invalid argument(22, 35), maxfd: 0, lastfd: 0, listenfd: 6, stoping ...
2018/04/24 14:19:47 unknown (pid=48656)(error): src/fiber_server.cpp(166), thread_fiber_accept: accept error: Invalid argument(22, 35), maxfd: 0, lastfd: 0, listenfd: 6, stoping ...
2018/04/24 14:19:48 unknown (pid=48656)(error): src/fiber_server.cpp(166), thread_fiber_accept: accept error: Invalid argument(22, 35), maxfd: 0, lastfd: 0, listenfd: 6, stoping ...
2018/04/24 14:20:27 unknown (pid=48735)(info): >>>proc_on_init<<<
2018/04/24 14:20:27 unknown (pid=48735)(info): schedule event type - kernel
2018/04/24 14:20:27 unknown (pid=48735)(info): daemon started, log=acl_master.log
2018/04/24 14:20:27 unknown (pid=48735)(error): src/fiber_server.cpp(166), thread_fiber_accept: accept error: Invalid argument(22, 35), maxfd: 0, lastfd: 0, listenfd: 6, stoping ...
2018/04/24 14:20:28 unknown (pid=48735)(error): src/fiber_server.cpp(166), thread_fiber_accept: accept error: Invalid argument(22, 35), maxfd: 0, lastfd: 0, listenfd: 6, stoping ...
2018/04/24 14:21:02 unknown (pid=48813)(info): >>>proc_on_init<<<
2018/04/24 14:21:02 unknown (pid=48813)(info): schedule event type - kernel
2018/04/24 14:21:02 unknown (pid=48813)(error): src/fiber_server.cpp(166), thread_fiber_accept: accept error: Invalid argument(22, 35), maxfd: 0, lastfd: 0, listenfd: 6, stoping ...
2018/04/24 14:21:02 unknown (pid=48813)(info): daemon started, log=acl_master.log
2018/04/24 14:21:03 unknown (pid=48813)(error): src/fiber_server.cpp(166), thread_fiber_accept: accept error: Invalid argument(22, 35), maxfd: 0, lastfd: 0, listenfd: 6, stoping ...
2018/04/24 14:22:12 unknown (pid=48891)(info): >>>proc_on_init<<<
2018/04/24 14:22:12 unknown (pid=48891)(info): schedule event type - kernel
2018/04/24 14:22:12 unknown (pid=48891)(info): daemon started, log=acl_master.log
2018/04/24 14:22:49 unknown (pid=48972)(info): >>>proc_on_init<<<
2018/04/24 14:22:49 unknown (pid=48972)(info): schedule event type - kernel
2018/04/24 14:22:49 unknown (pid=48972)(info): daemon started, log=acl_master.log
2018/04/24 14:22:53 unknown (pid=48972)(info): >>>accept connection: 11
2018/04/24 14:22:58 unknown (pid=48972)(info): >>>close one connection: 11, Undefined error: 0
